<?xml version="1.0" encoding="UTF-8"?>
<testsuite name="LargestTest" tests="5" skipped="0" failures="0" errors="0" timestamp="2020-06-12T13:49:54" hostname="DESKTOP-JT0KVGS" time="0.005">
  <properties/>
  <testcase name="testEmpty" classname="LargestTest" time="0.003"/>
  <testcase name="test1" classname="LargestTest" time="0.0"/>
  <testcase name="test2" classname="LargestTest" time="0.0"/>
  <testcase name="test3" classname="LargestTest" time="0.0"/>
  <testcase name="test4" classname="LargestTest" time="0.001"/>
  <system-out><![CDATA[]]></system-out>
  <system-err><![CDATA[]]></system-err>
</testsuite>
